<?xml version="1.0" encoding="UTF-8"?>
<!-- Generated by org.testng.reporters.JUnitReportReporter -->
<testsuite skipped="0" hostname="DESKTOP-GONGRU9" name="com.qa.testscript.sathish" tests="1" failures="0" timestamp="2021-04-28T19:09:31 IST" time="0.013" errors="0">
  <testcase name="f" time="0.013" classname="com.qa.testscript.sathish"/>
  <system-out/>
</testsuite> <!-- com.qa.testscript.sathish -->
