<?xml version="1.0" encoding="UTF-8"?>
<!-- Generated by org.testng.reporters.JUnitReportReporter -->
<testsuite skipped="0" hostname="DESKTOP-GONGRU9" name="com.qa.selenium.Netflix_id_Creation" tests="3" failures="0" timestamp="2021-05-04T11:30:11 IST" time="215.502" errors="0">
  <testcase name="Netflix_Invalid_Login" time="48.958" classname="com.qa.selenium.Netflix_id_Creation"/>
  <system-out/>
  <testcase name="Netflx_Login" time="70.244" classname="com.qa.selenium.Netflix_id_Creation"/>
  <system-out/>
  <testcase name="scrollDown" time="96.300" classname="com.qa.selenium.Netflix_id_Creation"/>
  <system-out/>
</testsuite> <!-- com.qa.selenium.Netflix_id_Creation -->
